<?xml version="1.0" encoding="UTF-8"?>
<testsuite name="org.learning.shopping.repository.testUser" tests="1" skipped="0" failures="0" errors="0" timestamp="2023-05-25T00:07:42" hostname="LAPTOP-5UBNFSRS" time="0.009">
  <properties/>
  <testcase name="testByEmail()" classname="org.learning.shopping.repository.testUser" time="0.009"/>
  <system-out><![CDATA[2023-05-25 08:07:42.509  INFO 5448 --- [    Test worker] .b.t.c.SpringBootTestContextBootstrapper : Neither @ContextConfiguration nor @ContextHierarchy found for test class [org.learning.shopping.repository.testUser], using SpringBootContextLoader
2023-05-25 08:07:42.509  INFO 5448 --- [    Test worker] o.s.t.c.support.AbstractContextLoader    : Could not detect default resource locations for test class [org.learning.shopping.repository.testUser]: no resource found for suffixes {-context.xml, Context.groovy}.
2023-05-25 08:07:42.509  INFO 5448 --- [    Test worker] t.c.s.AnnotationConfigContextLoaderUtils : Could not detect default configuration classes for test class [org.learning.shopping.repository.testUser]: testUser does not declare any static, non-private, non-final, nested classes annotated with @Configuration.
2023-05-25 08:07:42.525  INFO 5448 --- [    Test worker] .b.t.c.SpringBootTestContextBootstrapper : Found @SpringBootConfiguration org.learning.shopping.ShoppingApplication for test class org.learning.shopping.repository.testUser
2023-05-25 08:07:42.525  INFO 5448 --- [    Test worker] .b.t.c.SpringBootTestContextBootstrapper : Loaded default TestExecutionListener class names from location [META-INF/spring.factories]: [org.springframework.security.test.context.support.WithSecurityContextTestExecutionListener, org.springframework.security.test.context.support.ReactorContextTestExecutionListener, org.springframework.boot.test.autoconfigure.restdocs.RestDocsTestExecutionListener, org.springframework.boot.test.autoconfigure.web.client.MockRestServiceServerResetTestExecutionListener, org.springframework.boot.test.autoconfigure.web.servlet.MockMvcPrintOnlyOnFailureTestExecutionListener, org.springframework.boot.test.autoconfigure.web.servlet.WebDriverTestExecutionListener, org.springframework.boot.test.autoconfigure.webservices.client.MockWebServiceServerTestExecutionListener, org.springframework.boot.test.mock.mockito.MockitoTestExecutionListener, org.springframework.boot.test.mock.mockito.ResetMocksTestExecutionListener, org.springframework.test.context.web.ServletTestExecutionListener, org.springframework.test.context.support.DirtiesContextBeforeModesTestExecutionListener, org.springframework.test.context.event.ApplicationEventsTestExecutionListener, org.springframework.test.context.support.DependencyInjectionTestExecutionListener, org.springframework.test.context.support.DirtiesContextTestExecutionListener, org.springframework.test.context.transaction.TransactionalTestExecutionListener, org.springframework.test.context.jdbc.SqlScriptsTestExecutionListener, org.springframework.test.context.event.EventPublishingTestExecutionListener]
2023-05-25 08:07:42.525  INFO 5448 --- [    Test worker] .b.t.c.SpringBootTestContextBootstrapper : Using TestExecutionListeners: [org.springframework.test.context.web.ServletTestExecutionListener@221165df, org.springframework.test.context.support.DirtiesContextBeforeModesTestExecutionListener@53bff4f5, org.springframework.test.context.event.ApplicationEventsTestExecutionListener@5182614, org.springframework.boot.test.mock.mockito.MockitoTestExecutionListener@48c81c5a, org.springframework.boot.test.autoconfigure.SpringBootDependencyInjectionTestExecutionListener@61dea701, org.springframework.test.context.support.DirtiesContextTestExecutionListener@4deaff93, org.springframework.test.context.transaction.TransactionalTestExecutionListener@90648bc, org.springframework.test.context.jdbc.SqlScriptsTestExecutionListener@1a4af0a, org.springframework.security.test.context.support.WithSecurityContextTestExecutionListener@1556f690, org.springframework.test.context.event.EventPublishingTestExecutionListener@fda95ce, org.springframework.security.test.context.support.ReactorContextTestExecutionListener@34a27f21, org.springframework.boot.test.autoconfigure.restdocs.RestDocsTestExecutionListener@10da5a40, org.springframework.boot.test.autoconfigure.web.client.MockRestServiceServerResetTestExecutionListener@321adcbd, org.springframework.boot.test.autoconfigure.web.servlet.MockMvcPrintOnlyOnFailureTestExecutionListener@69b55bd5, org.springframework.boot.test.autoconfigure.web.servlet.WebDriverTestExecutionListener@4ec97ab5, org.springframework.boot.test.autoconfigure.webservices.client.MockWebServiceServerTestExecutionListener@c832176, org.springframework.boot.test.mock.mockito.ResetMocksTestExecutionListener@6818eb6f]
Hibernate: select user0_.id as id1_5_, user0_.active as active2_5_, user0_.address as address3_5_, user0_.email as email4_5_, user0_.name as name5_5_, user0_.password as password6_5_, user0_.phone as phone7_5_, user0_.role as role8_5_ from users user0_ where user0_.email=?
Hibernate: select cart0_.user_id as user_id1_0_0_ from cart cart0_ where cart0_.user_id=?
-------------------------
User{id=2147483641, email='customer1@email.com', password='$2a$10$PrI5Gk9L.tSZiW9FXhTS8O8Mz9E97k2FZbFvGFFaSsiTUIl.TCrFu', name='customer1', phone='123456789', address='3200 West Road', active=true, role='ROLE_CUSTOMER'}
-------------------------
]]></system-out>
  <system-err><![CDATA[]]></system-err>
</testsuite>
