<?xml version="1.0" encoding="UTF-8"?>
<testsuite name="org.learning.shopping.ShoppingApplicationTests" tests="1" skipped="0" failures="0" errors="0" timestamp="2023-05-25T00:07:42" hostname="LAPTOP-5UBNFSRS" time="0.003">
  <properties/>
  <testcase name="contextLoads()" classname="org.learning.shopping.ShoppingApplicationTests" time="0.003"/>
  <system-out><![CDATA[2023-05-25 08:07:42.541  INFO 5448 --- [    Test worker] .b.t.c.SpringBootTestContextBootstrapper : Neither @ContextConfiguration nor @ContextHierarchy found for test class [org.learning.shopping.ShoppingApplicationTests], using SpringBootContextLoader
2023-05-25 08:07:42.541  INFO 5448 --- [    Test worker] o.s.t.c.support.AbstractContextLoader    : Could not detect default resource locations for test class [org.learning.shopping.ShoppingApplicationTests]: no resource found for suffixes {-context.xml, Context.groovy}.
2023-05-25 08:07:42.541  INFO 5448 --- [    Test worker] t.c.s.AnnotationConfigContextLoaderUtils : Could not detect default configuration classes for test class [org.learning.shopping.ShoppingApplicationTests]: ShoppingApplicationTests does not declare any static, non-private, non-final, nested classes annotated with @Configuration.
2023-05-25 08:07:42.546  INFO 5448 --- [    Test worker] .b.t.c.SpringBootTestContextBootstrapper : Found @SpringBootConfiguration org.learning.shopping.ShoppingApplication for test class org.learning.shopping.ShoppingApplicationTests
2023-05-25 08:07:42.546  INFO 5448 --- [    Test worker] .b.t.c.SpringBootTestContextBootstrapper : Loaded default TestExecutionListener class names from location [META-INF/spring.factories]: [org.springframework.security.test.context.support.WithSecurityContextTestExecutionListener, org.springframework.security.test.context.support.ReactorContextTestExecutionListener, org.springframework.boot.test.autoconfigure.restdocs.RestDocsTestExecutionListener, org.springframework.boot.test.autoconfigure.web.client.MockRestServiceServerResetTestExecutionListener, org.springframework.boot.test.autoconfigure.web.servlet.MockMvcPrintOnlyOnFailureTestExecutionListener, org.springframework.boot.test.autoconfigure.web.servlet.WebDriverTestExecutionListener, org.springframework.boot.test.autoconfigure.webservices.client.MockWebServiceServerTestExecutionListener, org.springframework.boot.test.mock.mockito.MockitoTestExecutionListener, org.springframework.boot.test.mock.mockito.ResetMocksTestExecutionListener, org.springframework.test.context.web.ServletTestExecutionListener, org.springframework.test.context.support.DirtiesContextBeforeModesTestExecutionListener, org.springframework.test.context.event.ApplicationEventsTestExecutionListener, org.springframework.test.context.support.DependencyInjectionTestExecutionListener, org.springframework.test.context.support.DirtiesContextTestExecutionListener, org.springframework.test.context.transaction.TransactionalTestExecutionListener, org.springframework.test.context.jdbc.SqlScriptsTestExecutionListener, org.springframework.test.context.event.EventPublishingTestExecutionListener]
2023-05-25 08:07:42.546  INFO 5448 --- [    Test worker] .b.t.c.SpringBootTestContextBootstrapper : Using TestExecutionListeners: [org.springframework.test.context.web.ServletTestExecutionListener@724c5105, org.springframework.test.context.support.DirtiesContextBeforeModesTestExecutionListener@17ce6cbf, org.springframework.test.context.event.ApplicationEventsTestExecutionListener@525fa9f0, org.springframework.boot.test.mock.mockito.MockitoTestExecutionListener@7941218, org.springframework.boot.test.autoconfigure.SpringBootDependencyInjectionTestExecutionListener@17c0af96, org.springframework.test.context.support.DirtiesContextTestExecutionListener@730f8245, org.springframework.test.context.transaction.TransactionalTestExecutionListener@5c30a5fd, org.springframework.test.context.jdbc.SqlScriptsTestExecutionListener@7b9368b1, org.springframework.security.test.context.support.WithSecurityContextTestExecutionListener@69bdc44a, org.springframework.test.context.event.EventPublishingTestExecutionListener@662f6e92, org.springframework.security.test.context.support.ReactorContextTestExecutionListener@3f6930e7, org.springframework.boot.test.autoconfigure.restdocs.RestDocsTestExecutionListener@5f5f015b, org.springframework.boot.test.autoconfigure.web.client.MockRestServiceServerResetTestExecutionListener@58c7116e, org.springframework.boot.test.autoconfigure.web.servlet.MockMvcPrintOnlyOnFailureTestExecutionListener@4581af1a, org.springframework.boot.test.autoconfigure.web.servlet.WebDriverTestExecutionListener@33195145, org.springframework.boot.test.autoconfigure.webservices.client.MockWebServiceServerTestExecutionListener@146bcba4, org.springframework.boot.test.mock.mockito.ResetMocksTestExecutionListener@74c7f426]
]]></system-out>
  <system-err><![CDATA[]]></system-err>
</testsuite>
