<?xml version="1.0" encoding="UTF-8"?>
<testsuite name="org.learning.shopping.controller.UserControllerTest" tests="1" skipped="0" failures="0" errors="0" timestamp="2023-05-25T00:07:42" hostname="LAPTOP-5UBNFSRS" time="0.252">
  <properties/>
  <testcase name="testFindByEmail()" classname="org.learning.shopping.controller.UserControllerTest" time="0.252"/>
  <system-out><![CDATA[08:07:35.377 [Test worker] DEBUG org.springframework.test.context.BootstrapUtils - Instantiating CacheAwareContextLoaderDelegate from class [org.springframework.test.context.cache.DefaultCacheAwareContextLoaderDelegate]
08:07:35.377 [Test worker] DEBUG org.springframework.test.context.BootstrapUtils - Instantiating BootstrapContext using constructor [public org.springframework.test.context.support.DefaultBootstrapContext(java.lang.Class,org.springframework.test.context.CacheAwareContextLoaderDelegate)]
08:07:35.409 [Test worker] DEBUG org.springframework.test.context.BootstrapUtils - Instantiating TestContextBootstrapper for test class [org.learning.shopping.controller.UserControllerTest] from class [org.springframework.boot.test.context.SpringBootTestContextBootstrapper]
08:07:35.424 [Test worker] INFO org.springframework.boot.test.context.SpringBootTestContextBootstrapper - Neither @ContextConfiguration nor @ContextHierarchy found for test class [org.learning.shopping.controller.UserControllerTest], using SpringBootContextLoader
08:07:35.424 [Test worker] DEBUG org.springframework.test.context.support.AbstractContextLoader - Did not detect default resource location for test class [org.learning.shopping.controller.UserControllerTest]: class path resource [org/learning/shopping/controller/UserControllerTest-context.xml] does not exist
08:07:35.424 [Test worker] DEBUG org.springframework.test.context.support.AbstractContextLoader - Did not detect default resource location for test class [org.learning.shopping.controller.UserControllerTest]: class path resource [org/learning/shopping/controller/UserControllerTestContext.groovy] does not exist
08:07:35.424 [Test worker] INFO org.springframework.test.context.support.AbstractContextLoader - Could not detect default resource locations for test class [org.learning.shopping.controller.UserControllerTest]: no resource found for suffixes {-context.xml, Context.groovy}.
08:07:35.424 [Test worker] INFO org.springframework.test.context.support.AnnotationConfigContextLoaderUtils - Could not detect default configuration classes for test class [org.learning.shopping.controller.UserControllerTest]: UserControllerTest does not declare any static, non-private, non-final, nested classes annotated with @Configuration.
08:07:35.462 [Test worker] DEBUG org.springframework.test.context.support.ActiveProfilesUtils - Could not find an 'annotation declaring class' for annotation type [org.springframework.test.context.ActiveProfiles] and class [org.learning.shopping.controller.UserControllerTest]
08:07:35.509 [Test worker] DEBUG org.springframework.context.annotation.ClassPathScanningCandidateComponentProvider - Identified candidate component class: file [E:\code\Shopping_Project\shopping\build\classes\java\main\org\learning\shopping\ShoppingApplication.class]
08:07:35.525 [Test worker] INFO org.springframework.boot.test.context.SpringBootTestContextBootstrapper - Found @SpringBootConfiguration org.learning.shopping.ShoppingApplication for test class org.learning.shopping.controller.UserControllerTest
08:07:35.609 [Test worker] DEBUG org.springframework.boot.test.context.SpringBootTestContextBootstrapper - @TestExecutionListeners is not present for class [org.learning.shopping.controller.UserControllerTest]: using defaults.
08:07:35.609 [Test worker] INFO org.springframework.boot.test.context.SpringBootTestContextBootstrapper - Loaded default TestExecutionListener class names from location [META-INF/spring.factories]: [org.springframework.security.test.context.support.WithSecurityContextTestExecutionListener, org.springframework.security.test.context.support.ReactorContextTestExecutionListener, org.springframework.boot.test.autoconfigure.restdocs.RestDocsTestExecutionListener, org.springframework.boot.test.autoconfigure.web.client.MockRestServiceServerResetTestExecutionListener, org.springframework.boot.test.autoconfigure.web.servlet.MockMvcPrintOnlyOnFailureTestExecutionListener, org.springframework.boot.test.autoconfigure.web.servlet.WebDriverTestExecutionListener, org.springframework.boot.test.autoconfigure.webservices.client.MockWebServiceServerTestExecutionListener, org.springframework.boot.test.mock.mockito.MockitoTestExecutionListener, org.springframework.boot.test.mock.mockito.ResetMocksTestExecutionListener, org.springframework.test.context.web.ServletTestExecutionListener, org.springframework.test.context.support.DirtiesContextBeforeModesTestExecutionListener, org.springframework.test.context.event.ApplicationEventsTestExecutionListener, org.springframework.test.context.support.DependencyInjectionTestExecutionListener, org.springframework.test.context.support.DirtiesContextTestExecutionListener, org.springframework.test.context.transaction.TransactionalTestExecutionListener, org.springframework.test.context.jdbc.SqlScriptsTestExecutionListener, org.springframework.test.context.event.EventPublishingTestExecutionListener]
08:07:35.625 [Test worker] INFO org.springframework.boot.test.context.SpringBootTestContextBootstrapper - Using TestExecutionListeners: [org.springframework.test.context.web.ServletTestExecutionListener@4afee4aa, org.springframework.test.context.support.DirtiesContextBeforeModesTestExecutionListener@73eabccc, org.springframework.test.context.event.ApplicationEventsTestExecutionListener@26cf4210, org.springframework.boot.test.mock.mockito.MockitoTestExecutionListener@4850464f, org.springframework.boot.test.autoconfigure.SpringBootDependencyInjectionTestExecutionListener@75b6305b, org.springframework.test.context.support.DirtiesContextTestExecutionListener@539cfefd, org.springframework.test.context.transaction.TransactionalTestExecutionListener@f9ff95c, org.springframework.test.context.jdbc.SqlScriptsTestExecutionListener@45b7a4de, org.springframework.security.test.context.support.WithSecurityContextTestExecutionListener@1c770db, org.springframework.test.context.event.EventPublishingTestExecutionListener@35980d08, org.springframework.security.test.context.support.ReactorContextTestExecutionListener@453d47fe, org.springframework.boot.test.autoconfigure.restdocs.RestDocsTestExecutionListener@3d549ad3, org.springframework.boot.test.autoconfigure.web.client.MockRestServiceServerResetTestExecutionListener@72f740a, org.springframework.boot.test.autoconfigure.web.servlet.MockMvcPrintOnlyOnFailureTestExecutionListener@722ac9aa, org.springframework.boot.test.autoconfigure.web.servlet.WebDriverTestExecutionListener@5d0762a6, org.springframework.boot.test.autoconfigure.webservices.client.MockWebServiceServerTestExecutionListener@441cf9d7, org.springframework.boot.test.mock.mockito.ResetMocksTestExecutionListener@38ef5a7a]
08:07:35.625 [Test worker] DEBUG org.springframework.test.context.support.AbstractDirtiesContextTestExecutionListener - Before test class: context [DefaultTestContext@7a03b171 testClass = UserControllerTest, testInstance = [null], testMethod = [null], testException = [null], mergedContextConfiguration = [WebMergedContextConfiguration@1245ef1b testClass = UserControllerTest, locations = '{}', classes = '{class org.learning.shopping.ShoppingApplication}', contextInitializerClasses = '[]', activeProfiles = '{}', propertySourceLocations = '{}', propertySourceProperties = '{org.springframework.boot.test.context.SpringBootTestContextBootstrapper=true}', contextCustomizers = set[org.springframework.boot.test.autoconfigure.actuate.metrics.MetricsExportContextCustomizerFactory$DisableMetricExportContextCustomizer@40ca52b9, org.springframework.boot.test.autoconfigure.properties.PropertyMappingContextCustomizer@0, org.springframework.boot.test.autoconfigure.web.servlet.WebDriverContextCustomizerFactory$Customizer@51ed8285, org.springframework.boot.test.context.filter.ExcludeFilterContextCustomizer@1ab4ae44, org.springframework.boot.test.json.DuplicateJsonObjectContextCustomizerFactory$DuplicateJsonObjectContextCustomizer@5b6b35bd, org.springframework.boot.test.mock.mockito.MockitoContextCustomizer@0, org.springframework.boot.test.web.client.TestRestTemplateContextCustomizer@32c8b061, org.springframework.boot.test.context.SpringBootTestArgs@1, org.springframework.boot.test.context.SpringBootTestWebEnvironment@645ffda3], resourceBasePath = 'src/main/webapp', contextLoader = 'org.springframework.boot.test.context.SpringBootContextLoader', parent = [null]], attributes = map['org.springframework.test.context.web.ServletTestExecutionListener.activateListener' -> true]], class annotated with @DirtiesContext [false] with mode [null].
08:07:35.663 [Test worker] DEBUG org.springframework.test.context.support.TestPropertySourceUtils - Adding inlined properties to environment: {spring.jmx.enabled=false, org.springframework.boot.test.context.SpringBootTestContextBootstrapper=true}

  .   ____          _            __ _ _
 /\\ / ___'_ __ _ _(_)_ __  __ _ \ \ \ \
( ( )\___ | '_ | '_| | '_ \/ _` | \ \ \ \
 \\/  ___)| |_)| | | | | || (_| |  ) ) ) )
  '  |____| .__|_| |_|_| |_\__, | / / / /
 =========|_|==============|___/=/_/_/_/
 :: Spring Boot ::                (v2.5.6)

2023-05-25 08:07:35.919  INFO 5448 --- [    Test worker] o.l.s.controller.UserControllerTest      : Starting UserControllerTest using Java 11.0.16 on LAPTOP-5UBNFSRS with PID 5448 (started by cenhao in E:\code\Shopping_Project\shopping)
2023-05-25 08:07:35.919  INFO 5448 --- [    Test worker] o.l.s.controller.UserControllerTest      : No active profile set, falling back to default profiles: default
2023-05-25 08:07:36.765  INFO 5448 --- [    Test worker] .s.d.r.c.RepositoryConfigurationDelegate : Bootstrapping Spring Data JPA repositories in DEFAULT mode.
2023-05-25 08:07:36.850  INFO 5448 --- [    Test worker] .s.d.r.c.RepositoryConfigurationDelegate : Finished Spring Data repository scanning in 65 ms. Found 6 JPA repository interfaces.
2023-05-25 08:07:37.537  INFO 5448 --- [    Test worker] o.hibernate.jpa.internal.util.LogHelper  : HHH000204: Processing PersistenceUnitInfo [name: default]
2023-05-25 08:07:37.610  INFO 5448 --- [    Test worker] org.hibernate.Version                    : HHH000412: Hibernate ORM core version 5.4.32.Final
2023-05-25 08:07:37.765  INFO 5448 --- [    Test worker] o.hibernate.annotations.common.Version   : HCANN000001: Hibernate Commons Annotations {5.1.2.Final}
2023-05-25 08:07:37.870  INFO 5448 --- [    Test worker] org.hibernate.dialect.Dialect            : HHH000400: Using dialect: org.hibernate.dialect.MySQL8Dialect
Hibernate: alter table cart drop foreign key FKg5uhi8vpsuy0lgloxk2h4w5o6
2023-05-25 08:07:38.446  INFO 5448 --- [    Test worker] com.zaxxer.hikari.HikariDataSource       : HikariPool-1 - Starting...
2023-05-25 08:07:38.947  INFO 5448 --- [    Test worker] com.zaxxer.hikari.HikariDataSource       : HikariPool-1 - Start completed.
Hibernate: alter table product_in_order drop foreign key FKhnivo3fl2qtco3ulm4mq0mbr5
Hibernate: alter table product_in_order drop foreign key FKt0sfj3ffasrift1c4lv3ra85e
Hibernate: drop table if exists cart
Hibernate: drop table if exists hibernate_sequence
Hibernate: drop table if exists order_main
Hibernate: drop table if exists product_category
Hibernate: drop table if exists product_info
Hibernate: drop table if exists product_in_order
Hibernate: drop table if exists users
Hibernate: create table cart (user_id bigint not null, primary key (user_id)) engine=InnoDB
Hibernate: create table hibernate_sequence (next_val bigint) engine=InnoDB
Hibernate: insert into hibernate_sequence values ( 1 )
Hibernate: create table order_main (order_id bigint not null, buyer_address varchar(255), buyer_email varchar(255), buyer_name varchar(255), buyer_phone varchar(255), create_time datetime(6), order_amount decimal(19,2) not null, order_status integer not null, update_time datetime(6), primary key (order_id)) engine=InnoDB
Hibernate: create table product_category (category_id integer not null, category_name varchar(255), category_type integer, create_time datetime(6), update_time datetime(6), primary key (category_id)) engine=InnoDB
Hibernate: create table product_info (product_id varchar(255) not null, category_type integer default 0, create_time datetime(6), product_description varchar(255), product_icon varchar(255), product_name varchar(255), product_price decimal(19,2) not null, product_status integer default 0, product_stock integer not null, update_time datetime(6), primary key (product_id)) engine=InnoDB
Hibernate: create table product_in_order (id bigint not null, category_type integer not null, count integer, product_description varchar(255) not null, product_icon varchar(255), product_id varchar(255), product_name varchar(255), product_price decimal(19,2) not null, product_stock integer, cart_user_id bigint, order_id bigint, primary key (id)) engine=InnoDB
Hibernate: create table users (id bigint not null, active bit not null, address varchar(255), email varchar(255), name varchar(255), password varchar(255), phone varchar(255), role varchar(255), primary key (id)) engine=InnoDB
Hibernate: alter table product_category add constraint UK_6kq6iveuim6wd90cxo5bksumw unique (category_type)
Hibernate: alter table users add constraint UK_sx468g52bpetvlad2j9y0lptc unique (email)
Hibernate: alter table cart add constraint FKg5uhi8vpsuy0lgloxk2h4w5o6 foreign key (user_id) references users (id)
Hibernate: alter table product_in_order add constraint FKhnivo3fl2qtco3ulm4mq0mbr5 foreign key (cart_user_id) references cart (user_id)
Hibernate: alter table product_in_order add constraint FKt0sfj3ffasrift1c4lv3ra85e foreign key (order_id) references order_main (order_id)
2023-05-25 08:07:39.486  INFO 5448 --- [    Test worker] o.h.t.schema.internal.SchemaCreatorImpl  : HHH000476: Executing import script 'file:/E:/code/Shopping_Project/shopping/build/resources/main/import.sql'
Hibernate: INSERT INTO order_main VALUES (2147483643, '3100 Western Road A', 'customer2@email.com', 'customer2', '2343456', '2018-03-15 12:52:20.439', 100.00, 0, '2018-03-15 12:52:20.439')
Hibernate: INSERT INTO order_main VALUES (2147483645, '3100 Western Road A', 'customer2@email.com', 'customer2', '2343456', '2018-03-15 12:52:29.007', 4.00, 0, '2018-03-15 12:52:29.007')
Hibernate: INSERT INTO order_main VALUES (2147483641, '3100 Western Road A', 'customer2@email.com', 'customer2', '2343456', '2018-03-15 12:52:07.428', 180.00, 2, '2018-03-15 12:52:53.664')
Hibernate: INSERT INTO order_main VALUES (2147483647, '3100 Western Road A', 'customer2@email.com', 'customer2', '2343456', '2018-03-15 12:52:35.289', 2.00, 2, '2018-03-15 12:52:55.919')
Hibernate: INSERT INTO order_main VALUES (2147483649, '3100 Western Road A', 'customer2@email.com', 'customer2', '2343456', '2018-03-15 12:58:23.824', 150.00, 0, '2018-03-15 12:58:23.824')
Hibernate: INSERT INTO order_main VALUES (2147483642, '3200 West Road', 'customer1@email.com', 'customer1', '123456789', '2018-03-15 13:01:21.135', 4.00, 2, '2018-03-15 13:02:09.023')
Hibernate: INSERT INTO order_main VALUES (2147483640, '3200 West Road', 'customer1@email.com', 'customer1', '123456789', '2018-03-15 13:01:16.271', 20.00, 2, '2018-03-15 13:02:52.067')
Hibernate: INSERT INTO order_main VALUES (2147483648, '3200 West Road', 'customer1@email.com', 'customer1', '123456789', '2018-03-15 13:01:06.943', 134.00, 1, '2018-03-15 13:02:56.498')
Hibernate: INSERT INTO users VALUES (2147483641, true, '3200 West Road', 'customer1@email.com', 'customer1', '$2a$10$PrI5Gk9L.tSZiW9FXhTS8O8Mz9E97k2FZbFvGFFaSsiTUIl.TCrFu', '123456789', 'ROLE_CUSTOMER')
Hibernate: INSERT INTO users VALUES (2147483642, true, '2000 John Road', 'manager1@email.com', 'manager1', '$2a$10$PrI5Gk9L.tSZiW9FXhTS8O8Mz9E97k2FZbFvGFFaSsiTUIl.TCrFu', '987654321', 'ROLE_MANAGER')
Hibernate: INSERT INTO users VALUES (2147483643, true, '222 East Drive ', 'employee1@email.com', 'employee1', '$2a$10$PrI5Gk9L.tSZiW9FXhTS8O8Mz9E97k2FZbFvGFFaSsiTUIl.TCrFu', '123123122', 'ROLE_EMPLOYEE')
Hibernate: INSERT INTO users VALUES (2147483645, true, '3100 Western Road A', 'customer2@email.com', 'customer2', '$2a$10$0oho5eUbDqKrLH026A2YXuCGnpq07xJpuG/Qu.PYb1VCvi2VMXWNi', '2343456', 'ROLE_CUSTOMER')
Hibernate: INSERT INTO cart VALUES (2147483641)
Hibernate: INSERT INTO cart VALUES (2147483642)
Hibernate: INSERT INTO cart VALUES (2147483643)
Hibernate: INSERT INTO cart VALUES (2147483645)
Hibernate: INSERT INTO product_in_order VALUES (2147483642, 0,1,'Books for learning Java', 'https://images-na.ssl-images-amazon.com/images/I/41f6Rd6ZEPL._SX363_BO1,204,203,200_.jpg', 'B0001', 'Core Java', 30.00,96,NULL, 2147483641)
Hibernate: INSERT INTO product_in_order VALUES (2147483644, 0,1, 'Learn Spring', 'https://images-na.ssl-images-amazon.com/images/I/51gHy16h5TL._SX397_BO1,204,203,200_.jpg', 'B0002', 'Spring In Action', 20.00,195,NULL, 2147483643)
Hibernate: INSERT INTO product_in_order VALUES (2147483646, 1,1, 'Kids Party Food', 'http://asset1.marksandspencer.com/is/image/mands/MS_FD_F04C_00398503_NC_X_EC_0?$PDP_MAXI_ZOOM_NEW$', 'F0001', 'Chicken', 4.00,57,NULL, 2147483645)
Hibernate: INSERT INTO product_in_order VALUES (2147483648, 3,1,'Awesome', 'https://starbuckssecretmenu.net/wp-content/uploads/2017/06/Starbucks-Violet-Drink.jpg', 'D0002', 'Starbucks Violet Drink', 2.00,200,NULL, 2147483647)
Hibernate: INSERT INTO product_in_order VALUES (2147483640, 1,1, 'Kids Party Food', 'http://asset1.marksandspencer.com/is/image/mands/MS_FD_F04C_00398503_NC_X_EC_0?$PDP_MAXI_ZOOM_NEW$', 'F0001', 'Chicken', 4.00,57,NULL, 2147483649)
Hibernate: INSERT INTO product_in_order VALUES (2147483641, 2,1, 'Boys Clothes', 'https://d2ul0w83gls0j4.cloudfront.net/taxonomy/300/0102/20171024151632.jpg', 'C0002', 'Shirts', 13.00,108,NULL, 2147483649)
Hibernate: INSERT INTO product_in_order VALUES (2147483632, 1,1, 'Family s', 'http://cdn1.thecomeback.com/wp-content/uploads/2017/05/mcdonalds_food-832x447.png', 'F0002', 'McDonald鈥榮 Food', 20.00,22,NULL, 2147483649)
Hibernate: INSERT INTO product_in_order VALUES (2147483643, 0,1, 'Books for learning Java', 'https://images-na.ssl-images-amazon.com/images/I/41f6Rd6ZEPL._SX363_BO1,204,203,200_.jpg', 'B0001', 'Core Java', 30.00,96,NULL, 2147483648)
Hibernate: INSERT INTO product_in_order VALUES (2147483634, 2,1, 'Under Armour', 'https://assets.academy.com/mgen/33/20088533.jpg?is=500,500', 'C0001', 'T-shirt', 10.00, 109,NULL, 2147483649)
Hibernate: INSERT INTO product_in_order VALUES (2147483636, 0,1, 'Java SE', 'https://images-na.ssl-images-amazon.com/images/I/51S8VRHA2FL._SX357_BO1,204,203,200_.jpg', 'B0005', 'Thinking in Java', 30.00, 199,NULL,2147483645)
Hibernate: INSERT INTO product_in_order VALUES (2147483647, 3,1, 'Awesome', 'https://starbuckssecretmenu.net/wp-content/uploads/2017/06/Starbucks-Violet-Drink.jpg', 'D0002', 'Starbucks Violet Drink', 2.00,200,NULL, 2147483645)
Hibernate: INSERT INTO product_in_order VALUES (2147483638, 0,1, 'Java SE', 'https://www.pearsonhighered.com/assets/bigcovers/0/1/3/2/0132778041.jpg', 'B0004', 'Effective Java', 30.00,199,NULL, 2147483645)
Hibernate: INSERT INTO product_in_order VALUES (2147483649, 0,1, 'Books for learning Java', 'https://images-na.ssl-images-amazon.com/images/I/41f6Rd6ZEPL._SX363_BO1,204,203,200_.jpg', 'B0001', 'Core Java', 30.00,  96,NULL,2147483645)
Hibernate: INSERT INTO product_in_order VALUES (2147483631, 1,1, 'Family s', 'http://cdn1.thecomeback.com/wp-content/uploads/2017/05/mcdonalds_food-832x447.png', 'F0002', 'McDonald鈥榮 Food', 20.00,  22,null ,2147483640)
Hibernate: INSERT INTO product_in_order VALUES (2147483633, 1,1, 'Kids Party Food', 'http://asset1.marksandspencer.com/is/image/mands/MS_FD_F04C_00398503_NC_X_EC_0?$PDP_MAXI_ZOOM_NEW$', 'F0001', 'Chicken', 4.00, 57, null ,2147483642)
Hibernate: INSERT INTO product_category VALUES (2147483641, 'Books', 0, '2018-03-09 23:03:26', '2018-03-10 00:15:27')
Hibernate: INSERT INTO product_category VALUES (2147483642, 'Clothes', 2, '2018-03-10 00:15:02', '2018-03-10 00:15:21')
Hibernate: INSERT INTO product_category VALUES (2147483644, 'Drink', 3, '2018-03-10 01:01:09', '2018-03-10 01:01:09')
Hibernate: INSERT INTO product_category VALUES (2147483645, 'Food', 1, '2018-03-10 00:26:05', '2018-03-10 00:26:05')
Hibernate: INSERT INTO product_info VALUES ('B0003', 0, '2018-03-10 10:37:39', 'Java EE', 'https://covers.oreillystatic.com/images/9780596516680/lrg.jpg', 'Head First', 10.00, 1, 200, '2018-03-10 19:42:02')
Hibernate: INSERT INTO product_info VALUES ('C0003', 2, '2018-03-10 12:12:46', 'Mans', 'https://img1.newchic.com/thumb/view/oaupload/newchic/images/00/30/df8a1f83-035c-4942-93d6-49933ac52a34.jpg', 'Coats', 22.00, 0, 222, '2018-03-10 12:12:46')
Hibernate: INSERT INTO product_info VALUES ('D0001', 3, '2018-03-10 06:51:03', 'Everyone likes it', 'https://www.thesun.co.uk/wp-content/uploads/2017/03/nintchdbpict000277254629.jpg?strip=all&w=676', 'Coca Cola', 1.00, 0, 100, '2018-03-10 12:04:13')
Hibernate: INSERT INTO product_info VALUES ('B0002', 0, '2018-03-10 10:35:43', 'Learn Spring', 'https://images-na.ssl-images-amazon.com/images/I/51gHy16h5TL._SX397_BO1,204,203,200_.jpg', 'Spring In Action', 20.00, 0, 195, '2018-03-10 10:35:43')
Hibernate: INSERT INTO product_info VALUES ('C0001', 2, '2018-03-10 12:09:41', 'Under Armour', 'https://assets.academy.com/mgen/33/20088533.jpg?is=500,500', 'T-shirt', 10.00, 0, 109, '2018-03-10 12:09:41')
Hibernate: INSERT INTO product_info VALUES ('C0002', 2, '2018-03-10 12:11:51', 'Boys Clothes', 'https://d2ul0w83gls0j4.cloudfront.net/taxonomy/300/0102/20171024151632.jpg', 'Shirts', 13.00, 0, 108, '2018-03-10 12:11:51')
Hibernate: INSERT INTO product_info VALUES ('B0001', 0, '2018-03-10 06:44:25', 'Books for learning Java', 'https://images-na.ssl-images-amazon.com/images/I/41f6Rd6ZEPL._SX363_BO1,204,203,200_.jpg', 'Core Java', 30.00, 0, 96, '2018-03-10 06:44:25')
Hibernate: INSERT INTO product_info VALUES ('B0004', 0, '2018-03-10 10:39:29', 'Java SE', 'https://www.pearsonhighered.com/assets/bigcovers/0/1/3/2/0132778041.jpg', 'Effective Java', 30.00, 0, 199, '2018-03-10 10:39:32')
Hibernate: INSERT INTO product_info VALUES ('B0005', 0, '2018-03-10 10:40:35', 'Java SE', 'https://images-na.ssl-images-amazon.com/images/I/51S8VRHA2FL._SX357_BO1,204,203,200_.jpg', 'Thinking in Java', 30.00, 0, 199, '2018-03-10 10:40:35')
Hibernate: INSERT INTO product_info VALUES ('D0002', 3, '2018-03-10 12:08:17', 'Awesome', 'https://starbuckssecretmenu.net/wp-content/uploads/2017/06/Starbucks-Violet-Drink.jpg', 'Starbucks Violet Drink', 2.00, 0, 200, '2018-03-10 12:08:17')
Hibernate: INSERT INTO product_info VALUES ('F0001', 1, '2018-03-10 12:15:05', 'Kids Party Food', 'http://asset1.marksandspencer.com/is/image/mands/MS_FD_F04C_00398503_NC_X_EC_0?$PDP_MAXI_ZOOM_NEW$', 'Chicken', 4.00, 0, 57, '2018-03-10 12:15:10')
Hibernate: INSERT INTO product_info VALUES ('F0002', 1, '2018-03-10 12:16:44', 'Family s', 'http://cdn1.thecomeback.com/wp-content/uploads/2017/05/mcdonalds_food-832x447.png', 'McDonald鈥榮 Food', 20.00, 0, 22, '2018-03-10 12:16:44')
2023-05-25 08:07:39.633  INFO 5448 --- [    Test worker] o.h.e.t.j.p.i.JtaPlatformInitiator       : HHH000490: Using JtaPlatform implementation: [org.hibernate.engine.transaction.jta.platform.internal.NoJtaPlatform]
2023-05-25 08:07:39.649  INFO 5448 --- [    Test worker] j.LocalContainerEntityManagerFactoryBean : Initialized JPA EntityManagerFactory for persistence unit 'default'
2023-05-25 08:07:40.372  WARN 5448 --- [    Test worker] JpaBaseConfiguration$JpaWebConfiguration : spring.jpa.open-in-view is enabled by default. Therefore, database queries may be performed during view rendering. Explicitly configure spring.jpa.open-in-view to disable this warning
2023-05-25 08:07:41.135  INFO 5448 --- [    Test worker] pertySourcedRequestMappingHandlerMapping : Mapped URL path [/v2/api-docs] onto method [springfox.documentation.swagger2.web.Swagger2Controller#getDocumentation(String, HttpServletRequest)]
2023-05-25 08:07:41.589  INFO 5448 --- [    Test worker] o.s.s.web.DefaultSecurityFilterChain     : Will secure any request with [org.springframework.security.web.context.request.async.WebAsyncManagerIntegrationFilter@718d14c, org.springframework.security.web.context.SecurityContextPersistenceFilter@238cbc0, org.springframework.security.web.header.HeaderWriterFilter@286c3026, org.springframework.web.filter.CorsFilter@6eec2f15, org.springframework.security.web.authentication.logout.LogoutFilter@157a9ddc, org.learning.shopping.security.JWT.JwtFilter@32d870d1, org.springframework.security.web.savedrequest.RequestCacheAwareFilter@25f30cfc, org.springframework.security.web.servletapi.SecurityContextHolderAwareRequestFilter@12905571, org.springframework.security.web.authentication.AnonymousAuthenticationFilter@9c742a9, org.springframework.security.web.session.SessionManagementFilter@716e755d, org.springframework.security.web.access.ExceptionTranslationFilter@3f2c3281, org.springframework.security.web.access.intercept.FilterSecurityInterceptor@7f7cf8f]
2023-05-25 08:07:42.052  INFO 5448 --- [    Test worker] d.s.w.p.DocumentationPluginsBootstrapper : Context refreshed
2023-05-25 08:07:42.077  INFO 5448 --- [    Test worker] d.s.w.p.DocumentationPluginsBootstrapper : Found 1 custom documentation plugin(s)
2023-05-25 08:07:42.107  INFO 5448 --- [    Test worker] s.d.s.w.s.ApiListingReferenceScanner     : Scanning for api listing references
2023-05-25 08:07:42.208  INFO 5448 --- [    Test worker] .d.s.w.r.o.CachingOperationNameGenerator : Generating unique operation named: showOneUsingGET_1
2023-05-25 08:07:42.239  INFO 5448 --- [    Test worker] o.l.s.controller.UserControllerTest      : Started UserControllerTest in 6.566 seconds (JVM running for 7.845)
-------------
Hibernate: select user0_.id as id1_5_, user0_.active as active2_5_, user0_.address as address3_5_, user0_.email as email4_5_, user0_.name as name5_5_, user0_.password as password6_5_, user0_.phone as phone7_5_, user0_.role as role8_5_ from users user0_ where user0_.email=?
Hibernate: select cart0_.user_id as user_id1_0_0_ from cart cart0_ where cart0_.user_id=?
User{id=2147483641, email='customer1@email.com', password='$2a$10$PrI5Gk9L.tSZiW9FXhTS8O8Mz9E97k2FZbFvGFFaSsiTUIl.TCrFu', name='customer1', phone='123456789', address='3200 West Road', active=true, role='ROLE_CUSTOMER'}
-------------
]]></system-out>
  <system-err><![CDATA[]]></system-err>
</testsuite>
